{"C:\\Users\\Stephen Obialor\\Documents\\alx-react\\0x02-react_props\\task_0\\dashboard\\src\\index.js": {"path":"C:\\Users\\Stephen Obialor\\Documents\\alx-react\\0x02-react_props\\task_0\\dashboard\\src\\index.js","statementMap":{"0":{"start":{"line":5,"column":13},"end":{"line":5,"column":65}},"1":{"start":{"line":6,"column":0},"end":{"line":10,"column":2}}},"fnMap":{},"branchMap":{},"s":{"0":0,"1":0},"f":{},"b":{}}
,"C:\\Users\\Stephen Obialor\\Documents\\alx-react\\0x02-react_props\\task_0\\dashboard\\src\\App\\App.js": {"path":"C:\\Users\\Stephen Obialor\\Documents\\alx-react\\0x02-react_props\\task_0\\dashboard\\src\\App\\App.js","statementMap":{"0":{"start":{"line":11,"column":12},"end":{"line":36,"column":1}},"1":{"start":{"line":12,"column":22},"end":{"line":16,"column":3}},"2":{"start":{"line":18,"column":28},"end":{"line":22,"column":3}},"3":{"start":{"line":24,"column":2},"end":{"line":35,"column":4}},"4":{"start":{"line":38,"column":0},"end":{"line":40,"column":1}},"5":{"start":{"line":42,"column":0},"end":{"line":44,"column":1}}},"fnMap":{"0":{"name":"(anonymous_0)","decl":{"start":{"line":11,"column":12},"end":{"line":11,"column":13}},"loc":{"start":{"line":11,"column":32},"end":{"line":36,"column":1}},"line":11}},"branchMap":{"0":{"loc":{"start":{"line":28,"column":7},"end":{"line":32,"column":7}},"type":"cond-expr","locations":[{"start":{"line":29,"column":8},"end":{"line":29,"column":48}},{"start":{"line":31,"column":6},"end":{"line":31,"column":15}}],"line":28}},"s":{"0":1,"1":6,"2":6,"3":6,"4":1,"5":1},"f":{"0":6},"b":{"0":[1,5]},"_coverageSchema":"1a1c01bbd47fc00a2c39e90264f33305004495a9","hash":"4bb9a274fddde87c1e841f7a98291baef3d5f6b3"}
,"C:\\Users\\Stephen Obialor\\Documents\\alx-react\\0x02-react_props\\task_0\\dashboard\\src\\CourseList\\CourseList.js": {"path":"C:\\Users\\Stephen Obialor\\Documents\\alx-react\\0x02-react_props\\task_0\\dashboard\\src\\CourseList\\CourseList.js","statementMap":{"0":{"start":{"line":7,"column":19},"end":{"line":32,"column":1}},"1":{"start":{"line":8,"column":4},"end":{"line":31,"column":6}},"2":{"start":{"line":20,"column":28},"end":{"line":25,"column":30}},"3":{"start":{"line":34,"column":0},"end":{"line":36,"column":2}},"4":{"start":{"line":38,"column":0},"end":{"line":40,"column":1}}},"fnMap":{"0":{"name":"(anonymous_0)","decl":{"start":{"line":7,"column":19},"end":{"line":7,"column":20}},"loc":{"start":{"line":7,"column":40},"end":{"line":32,"column":1}},"line":7},"1":{"name":"(anonymous_1)","decl":{"start":{"line":19,"column":41},"end":{"line":19,"column":42}},"loc":{"start":{"line":20,"column":28},"end":{"line":25,"column":30}},"line":20}},"branchMap":{"0":{"loc":{"start":{"line":10,"column":13},"end":{"line":29,"column":13}},"type":"cond-expr","locations":[{"start":{"line":11,"column":16},"end":{"line":11,"column":46}},{"start":{"line":13,"column":16},"end":{"line":28,"column":24}}],"line":10}},"s":{"0":2,"1":3,"2":6,"3":2,"4":2},"f":{"0":3,"1":6},"b":{"0":[1,2]},"_coverageSchema":"1a1c01bbd47fc00a2c39e90264f33305004495a9","hash":"7fed1a2a7988224a3db19316a9d0f9cde9f92aac"}
,"C:\\Users\\Stephen Obialor\\Documents\\alx-react\\0x02-react_props\\task_0\\dashboard\\src\\CourseList\\CourseListRow.js": {"path":"C:\\Users\\Stephen Obialor\\Documents\\alx-react\\0x02-react_props\\task_0\\dashboard\\src\\CourseList\\CourseListRow.js","statementMap":{"0":{"start":{"line":5,"column":22},"end":{"line":32,"column":1}},"1":{"start":{"line":6,"column":16},"end":{"line":6,"column":25}},"2":{"start":{"line":7,"column":4},"end":{"line":20,"column":5}},"3":{"start":{"line":8,"column":8},"end":{"line":10,"column":9}},"4":{"start":{"line":9,"column":10},"end":{"line":9,"column":87}},"5":{"start":{"line":12,"column":8},"end":{"line":19,"column":9}},"6":{"start":{"line":13,"column":11},"end":{"line":18,"column":14}},"7":{"start":{"line":22,"column":4},"end":{"line":29,"column":5}},"8":{"start":{"line":23,"column":8},"end":{"line":28,"column":10}},"9":{"start":{"line":31,"column":4},"end":{"line":31,"column":44}},"10":{"start":{"line":34,"column":0},"end":{"line":37,"column":1}},"11":{"start":{"line":39,"column":0},"end":{"line":46,"column":2}}},"fnMap":{"0":{"name":"(anonymous_0)","decl":{"start":{"line":5,"column":22},"end":{"line":5,"column":23}},"loc":{"start":{"line":5,"column":71},"end":{"line":32,"column":1}},"line":5}},"branchMap":{"0":{"loc":{"start":{"line":7,"column":4},"end":{"line":20,"column":5}},"type":"if","locations":[{"start":{"line":7,"column":4},"end":{"line":20,"column":5}},{"start":{},"end":{}}],"line":7},"1":{"loc":{"start":{"line":8,"column":8},"end":{"line":10,"column":9}},"type":"if","locations":[{"start":{"line":8,"column":8},"end":{"line":10,"column":9}},{"start":{},"end":{}}],"line":8},"2":{"loc":{"start":{"line":12,"column":8},"end":{"line":19,"column":9}},"type":"if","locations":[{"start":{"line":12,"column":8},"end":{"line":19,"column":9}},{"start":{},"end":{}}],"line":12},"3":{"loc":{"start":{"line":22,"column":4},"end":{"line":29,"column":5}},"type":"if","locations":[{"start":{"line":22,"column":4},"end":{"line":29,"column":5}},{"start":{},"end":{}}],"line":22}},"s":{"0":3,"1":12,"2":12,"3":5,"4":3,"5":5,"6":2,"7":12,"8":7,"9":12,"10":3,"11":3},"f":{"0":12},"b":{"0":[5,7],"1":[3,2],"2":[2,3],"3":[7,5]},"_coverageSchema":"1a1c01bbd47fc00a2c39e90264f33305004495a9","hash":"7fba507885b3e78f91e0598dd9b0102b79e5f631"}
,"C:\\Users\\Stephen Obialor\\Documents\\alx-react\\0x02-react_props\\task_0\\dashboard\\src\\CourseList\\CourseShape.js": {"path":"C:\\Users\\Stephen Obialor\\Documents\\alx-react\\0x02-react_props\\task_0\\dashboard\\src\\CourseList\\CourseShape.js","statementMap":{"0":{"start":{"line":3,"column":27},"end":{"line":7,"column":2}}},"fnMap":{},"branchMap":{},"s":{"0":2},"f":{},"b":{},"_coverageSchema":"1a1c01bbd47fc00a2c39e90264f33305004495a9","hash":"5596604fa69eac34fd5439588d499105ea7857c2"}
,"C:\\Users\\Stephen Obialor\\Documents\\alx-react\\0x02-react_props\\task_0\\dashboard\\src\\Footer\\Footer.js": {"path":"C:\\Users\\Stephen Obialor\\Documents\\alx-react\\0x02-react_props\\task_0\\dashboard\\src\\Footer\\Footer.js","statementMap":{"0":{"start":{"line":6,"column":4},"end":{"line":12,"column":6}}},"fnMap":{"0":{"name":"Footer","decl":{"start":{"line":5,"column":24},"end":{"line":5,"column":30}},"loc":{"start":{"line":5,"column":33},"end":{"line":13,"column":1}},"line":5}},"branchMap":{},"s":{"0":7},"f":{"0":7},"b":{},"_coverageSchema":"1a1c01bbd47fc00a2c39e90264f33305004495a9","hash":"9fa9e9af6043ae1672ced8d28730f6a953d65574"}
,"C:\\Users\\Stephen Obialor\\Documents\\alx-react\\0x02-react_props\\task_0\\dashboard\\src\\Header\\Header.js": {"path":"C:\\Users\\Stephen Obialor\\Documents\\alx-react\\0x02-react_props\\task_0\\dashboard\\src\\Header\\Header.js","statementMap":{"0":{"start":{"line":5,"column":4},"end":{"line":12,"column":6}}},"fnMap":{"0":{"name":"Header","decl":{"start":{"line":4,"column":24},"end":{"line":4,"column":30}},"loc":{"start":{"line":4,"column":33},"end":{"line":13,"column":1}},"line":4}},"branchMap":{},"s":{"0":7},"f":{"0":7},"b":{},"_coverageSchema":"1a1c01bbd47fc00a2c39e90264f33305004495a9","hash":"a03778626be3584e07df8305e1c6a63064af2b35"}
,"C:\\Users\\Stephen Obialor\\Documents\\alx-react\\0x02-react_props\\task_0\\dashboard\\src\\Login\\Login.js": {"path":"C:\\Users\\Stephen Obialor\\Documents\\alx-react\\0x02-react_props\\task_0\\dashboard\\src\\Login\\Login.js","statementMap":{"0":{"start":{"line":5,"column":4},"end":{"line":18,"column":6}}},"fnMap":{"0":{"name":"(anonymous_0)","decl":{"start":{"line":4,"column":15},"end":{"line":4,"column":16}},"loc":{"start":{"line":4,"column":26},"end":{"line":19,"column":1}},"line":4}},"branchMap":{},"s":{"0":6},"f":{"0":6},"b":{},"_coverageSchema":"1a1c01bbd47fc00a2c39e90264f33305004495a9","hash":"f4ddab7edc2eb40231204c7c92494c6788727c79"}
,"C:\\Users\\Stephen Obialor\\Documents\\alx-react\\0x02-react_props\\task_0\\dashboard\\src\\Notification\\NotificationItem.js": {"path":"C:\\Users\\Stephen Obialor\\Documents\\alx-react\\0x02-react_props\\task_0\\dashboard\\src\\Notification\\NotificationItem.js","statementMap":{"0":{"start":{"line":5,"column":4},"end":{"line":9,"column":6}},"1":{"start":{"line":12,"column":0},"end":{"line":16,"column":4}},"2":{"start":{"line":18,"column":2},"end":{"line":24,"column":4}}},"fnMap":{"0":{"name":"NotificationItem","decl":{"start":{"line":4,"column":24},"end":{"line":4,"column":40}},"loc":{"start":{"line":4,"column":64},"end":{"line":10,"column":1}},"line":4}},"branchMap":{"0":{"loc":{"start":{"line":6,"column":8},"end":{"line":8,"column":96}},"type":"cond-expr","locations":[{"start":{"line":7,"column":11},"end":{"line":7,"column":72}},{"start":{"line":8,"column":11},"end":{"line":8,"column":95}}],"line":6}},"s":{"0":35,"1":3,"2":3},"f":{"0":35},"b":{"0":[23,12]},"_coverageSchema":"1a1c01bbd47fc00a2c39e90264f33305004495a9","hash":"76a4f63482772335ef291e7dfa2ea2e6af5cc407"}
,"C:\\Users\\Stephen Obialor\\Documents\\alx-react\\0x02-react_props\\task_0\\dashboard\\src\\Notification\\NotificationItemShape.js": {"path":"C:\\Users\\Stephen Obialor\\Documents\\alx-react\\0x02-react_props\\task_0\\dashboard\\src\\Notification\\NotificationItemShape.js","statementMap":{"0":{"start":{"line":3,"column":37},"end":{"line":8,"column":2}}},"fnMap":{},"branchMap":{},"s":{"0":2},"f":{},"b":{},"_coverageSchema":"1a1c01bbd47fc00a2c39e90264f33305004495a9","hash":"167652033ad17b475fb7c56ef1549882acac5889"}
,"C:\\Users\\Stephen Obialor\\Documents\\alx-react\\0x02-react_props\\task_0\\dashboard\\src\\Notification\\Notifications.js": {"path":"C:\\Users\\Stephen Obialor\\Documents\\alx-react\\0x02-react_props\\task_0\\dashboard\\src\\Notification\\Notifications.js","statementMap":{"0":{"start":{"line":8,"column":21},"end":{"line":47,"column":1}},"1":{"start":{"line":9,"column":16},"end":{"line":11,"column":3}},"2":{"start":{"line":10,"column":4},"end":{"line":10,"column":49}},"3":{"start":{"line":12,"column":23},"end":{"line":12,"column":68}},"4":{"start":{"line":14,"column":2},"end":{"line":46,"column":4}},"5":{"start":{"line":33,"column":18},"end":{"line":38,"column":20}},"6":{"start":{"line":49,"column":0},"end":{"line":52,"column":1}},"7":{"start":{"line":54,"column":0},"end":{"line":57,"column":1}}},"fnMap":{"0":{"name":"(anonymous_0)","decl":{"start":{"line":8,"column":21},"end":{"line":8,"column":22}},"loc":{"start":{"line":8,"column":63},"end":{"line":47,"column":1}},"line":8},"1":{"name":"(anonymous_1)","decl":{"start":{"line":9,"column":16},"end":{"line":9,"column":17}},"loc":{"start":{"line":9,"column":22},"end":{"line":11,"column":3}},"line":9},"2":{"name":"(anonymous_2)","decl":{"start":{"line":32,"column":39},"end":{"line":32,"column":40}},"loc":{"start":{"line":33,"column":18},"end":{"line":38,"column":20}},"line":33}},"branchMap":{"0":{"loc":{"start":{"line":12,"column":34},"end":{"line":12,"column":66}},"type":"cond-expr","locations":[{"start":{"line":12,"column":50},"end":{"line":12,"column":57}},{"start":{"line":12,"column":60},"end":{"line":12,"column":66}}],"line":12},"1":{"loc":{"start":{"line":17,"column":9},"end":{"line":43,"column":7}},"type":"cond-expr","locations":[{"start":{"line":18,"column":10},"end":{"line":18,"column":44}},{"start":{"line":20,"column":10},"end":{"line":42,"column":21}}],"line":17}},"s":{"0":2,"1":12,"2":1,"3":12,"4":12,"5":33,"6":2,"7":2},"f":{"0":12,"1":1,"2":33},"b":{"0":[5,7],"1":[1,11]},"_coverageSchema":"1a1c01bbd47fc00a2c39e90264f33305004495a9","hash":"1f3e75889de941adfb3be0312421a7f1730e9ddc"}
,"C:\\Users\\Stephen Obialor\\Documents\\alx-react\\0x02-react_props\\task_0\\dashboard\\src\\utils\\utils.js": {"path":"C:\\Users\\Stephen Obialor\\Documents\\alx-react\\0x02-react_props\\task_0\\dashboard\\src\\utils\\utils.js","statementMap":{"0":{"start":{"line":2,"column":24},"end":{"line":2,"column":34}},"1":{"start":{"line":3,"column":4},"end":{"line":3,"column":37}},"2":{"start":{"line":7,"column":0},"end":{"line":8,"column":35}},"3":{"start":{"line":12,"column":2},"end":{"line":12,"column":65}}},"fnMap":{"0":{"name":"getFullYear","decl":{"start":{"line":1,"column":16},"end":{"line":1,"column":27}},"loc":{"start":{"line":1,"column":30},"end":{"line":4,"column":1}},"line":1},"1":{"name":"getFooterCopy","decl":{"start":{"line":6,"column":16},"end":{"line":6,"column":29}},"loc":{"start":{"line":6,"column":39},"end":{"line":9,"column":1}},"line":6},"2":{"name":"getLatestNotification","decl":{"start":{"line":11,"column":16},"end":{"line":11,"column":37}},"loc":{"start":{"line":11,"column":40},"end":{"line":13,"column":1}},"line":11}},"branchMap":{"0":{"loc":{"start":{"line":7,"column":7},"end":{"line":8,"column":35}},"type":"cond-expr","locations":[{"start":{"line":7,"column":17},"end":{"line":7,"column":35}},{"start":{"line":8,"column":2},"end":{"line":8,"column":35}}],"line":7}},"s":{"0":8,"1":8,"2":10,"3":8},"f":{"0":8,"1":10,"2":8},"b":{"0":[1,9]},"_coverageSchema":"1a1c01bbd47fc00a2c39e90264f33305004495a9","hash":"1f02332652d6ffeb21f799d0ed80d600b78ff26d"}
}
