TN:
SF:src\index.js
FNF:0
FNH:0
DA:5,0
DA:6,0
LF:2
LH:0
BRF:0
BRH:0
end_of_record
TN:
SF:src\App\App.js
FN:11,(anonymous_0)
FNF:1
FNH:1
FNDA:6,(anonymous_0)
DA:11,1
DA:12,6
DA:18,6
DA:24,6
DA:38,1
DA:42,1
LF:6
LH:6
BRDA:28,0,0,1
BRDA:28,0,1,5
BRF:2
BRH:2
end_of_record
TN:
SF:src\CourseList\CourseList.js
FN:7,(anonymous_0)
FN:19,(anonymous_1)
FNF:2
FNH:2
FNDA:3,(anonymous_0)
FNDA:6,(anonymous_1)
DA:7,2
DA:8,3
DA:20,6
DA:34,2
DA:38,2
LF:5
LH:5
BRDA:10,0,0,1
BRDA:10,0,1,2
BRF:2
BRH:2
end_of_record
TN:
SF:src\CourseList\CourseListRow.js
FN:5,(anonymous_0)
FNF:1
FNH:1
FNDA:12,(anonymous_0)
DA:5,3
DA:6,12
DA:7,12
DA:8,5
DA:9,3
DA:12,5
DA:13,2
DA:22,12
DA:23,7
DA:31,12
DA:34,3
DA:39,3
LF:12
LH:12
BRDA:7,0,0,5
BRDA:7,0,1,7
BRDA:8,1,0,3
BRDA:8,1,1,2
BRDA:12,2,0,2
BRDA:12,2,1,3
BRDA:22,3,0,7
BRDA:22,3,1,5
BRF:8
BRH:8
end_of_record
TN:
SF:src\CourseList\CourseShape.js
FNF:0
FNH:0
DA:3,2
LF:1
LH:1
BRF:0
BRH:0
end_of_record
TN:
SF:src\Footer\Footer.js
FN:5,Footer
FNF:1
FNH:1
FNDA:7,Footer
DA:6,7
LF:1
LH:1
BRF:0
BRH:0
end_of_record
TN:
SF:src\Header\Header.js
FN:4,Header
FNF:1
FNH:1
FNDA:7,Header
DA:5,7
LF:1
LH:1
BRF:0
BRH:0
end_of_record
TN:
SF:src\Login\Login.js
FN:4,(anonymous_0)
FNF:1
FNH:1
FNDA:6,(anonymous_0)
DA:5,6
LF:1
LH:1
BRF:0
BRH:0
end_of_record
TN:
SF:src\Notification\NotificationItem.js
FN:4,NotificationItem
FNF:1
FNH:1
FNDA:35,NotificationItem
DA:5,35
DA:12,3
DA:18,3
LF:3
LH:3
BRDA:6,0,0,23
BRDA:6,0,1,12
BRF:2
BRH:2
end_of_record
TN:
SF:src\Notification\NotificationItemShape.js
FNF:0
FNH:0
DA:3,2
LF:1
LH:1
BRF:0
BRH:0
end_of_record
TN:
SF:src\Notification\Notifications.js
FN:8,(anonymous_0)
FN:9,(anonymous_1)
FN:32,(anonymous_2)
FNF:3
FNH:3
FNDA:12,(anonymous_0)
FNDA:1,(anonymous_1)
FNDA:33,(anonymous_2)
DA:8,2
DA:9,12
DA:10,1
DA:12,12
DA:14,12
DA:33,33
DA:49,2
DA:54,2
LF:8
LH:8
BRDA:12,0,0,5
BRDA:12,0,1,7
BRDA:17,1,0,1
BRDA:17,1,1,11
BRF:4
BRH:4
end_of_record
TN:
SF:src\utils\utils.js
FN:1,getFullYear
FN:6,getFooterCopy
FN:11,getLatestNotification
FNF:3
FNH:3
FNDA:8,getFullYear
FNDA:10,getFooterCopy
FNDA:8,getLatestNotification
DA:2,8
DA:3,8
DA:7,10
DA:12,8
LF:4
LH:4
BRDA:7,0,0,1
BRDA:7,0,1,9
BRF:2
BRH:2
end_of_record
